<?xml version="1.0" encoding="UTF-8"?>
<testsuite xmlns:xsi="http://www.w3.org/2001/XMLSchema-instance" xsi:noNamespaceSchemaLocation="https://maven.apache.org/surefire/maven-surefire-plugin/xsd/surefire-test-report.xsd" name="com.example.demo.Demo3ApplicationTests" time="3.737" tests="1" errors="0" skipped="0" failures="0">
  <properties>
    <property name="java.specification.version" value="19"/>
    <property name="sun.cpu.isalist" value="amd64"/>
    <property name="sun.jnu.encoding" value="MS949"/>
    <property name="java.class.path" value="C:\Users\soobi\git\SpringConectDB\target\test-classes;C:\Users\soobi\git\SpringConectDB\target\classes;C:\Users\soobi\.m2\repository\org\springframework\boot\spring-boot-starter-web\2.6.5\spring-boot-starter-web-2.6.5.jar;C:\Users\soobi\.m2\repository\org\springframework\boot\spring-boot-starter\2.6.5\spring-boot-starter-2.6.5.jar;C:\Users\soobi\.m2\repository\org\springframework\boot\spring-boot\2.6.5\spring-boot-2.6.5.jar;C:\Users\soobi\.m2\repository\org\springframework\boot\spring-boot-autoconfigure\2.6.5\spring-boot-autoconfigure-2.6.5.jar;C:\Users\soobi\.m2\repository\org\springframework\boot\spring-boot-starter-logging\2.6.5\spring-boot-starter-logging-2.6.5.jar;C:\Users\soobi\.m2\repository\ch\qos\logback\logback-classic\1.2.11\logback-classic-1.2.11.jar;C:\Users\soobi\.m2\repository\ch\qos\logback\logback-core\1.2.11\logback-core-1.2.11.jar;C:\Users\soobi\.m2\repository\org\apache\logging\log4j\log4j-to-slf4j\2.17.2\log4j-to-slf4j-2.17.2.jar;C:\Users\soobi\.m2\repository\org\slf4j\jul-to-slf4j\1.7.36\jul-to-slf4j-1.7.36.jar;C:\Users\soobi\.m2\repository\jakarta\annotation\jakarta.annotation-api\1.3.5\jakarta.annotation-api-1.3.5.jar;C:\Users\soobi\.m2\repository\org\yaml\snakeyaml\1.29\snakeyaml-1.29.jar;C:\Users\soobi\.m2\repository\org\springframework\boot\spring-boot-starter-json\2.6.5\spring-boot-starter-json-2.6.5.jar;C:\Users\soobi\.m2\repository\com\fasterxml\jackson\core\jackson-databind\2.13.2\jackson-databind-2.13.2.jar;C:\Users\soobi\.m2\repository\com\fasterxml\jackson\core\jackson-annotations\2.13.2\jackson-annotations-2.13.2.jar;C:\Users\soobi\.m2\repository\com\fasterxml\jackson\core\jackson-core\2.13.2\jackson-core-2.13.2.jar;C:\Users\soobi\.m2\repository\com\fasterxml\jackson\datatype\jackson-datatype-jdk8\2.13.2\jackson-datatype-jdk8-2.13.2.jar;C:\Users\soobi\.m2\repository\com\fasterxml\jackson\datatype\jackson-datatype-jsr310\2.13.2\jackson-datatype-jsr310-2.13.2.jar;C:\Users\soobi\.m2\repository\com\fasterxml\jackson\module\jackson-module-parameter-names\2.13.2\jackson-module-parameter-names-2.13.2.jar;C:\Users\soobi\.m2\repository\org\springframework\boot\spring-boot-starter-tomcat\2.6.5\spring-boot-starter-tomcat-2.6.5.jar;C:\Users\soobi\.m2\repository\org\apache\tomcat\embed\tomcat-embed-core\9.0.60\tomcat-embed-core-9.0.60.jar;C:\Users\soobi\.m2\repository\org\apache\tomcat\embed\tomcat-embed-el\9.0.60\tomcat-embed-el-9.0.60.jar;C:\Users\soobi\.m2\repository\org\apache\tomcat\embed\tomcat-embed-websocket\9.0.60\tomcat-embed-websocket-9.0.60.jar;C:\Users\soobi\.m2\repository\org\springframework\spring-web\5.3.17\spring-web-5.3.17.jar;C:\Users\soobi\.m2\repository\org\springframework\spring-beans\5.3.17\spring-beans-5.3.17.jar;C:\Users\soobi\.m2\repository\org\springframework\spring-webmvc\5.3.17\spring-webmvc-5.3.17.jar;C:\Users\soobi\.m2\repository\org\springframework\spring-aop\5.3.17\spring-aop-5.3.17.jar;C:\Users\soobi\.m2\repository\org\springframework\spring-context\5.3.17\spring-context-5.3.17.jar;C:\Users\soobi\.m2\repository\org\springframework\spring-expression\5.3.17\spring-expression-5.3.17.jar;C:\Users\soobi\.m2\repository\org\mybatis\spring\boot\mybatis-spring-boot-starter\2.2.2\mybatis-spring-boot-starter-2.2.2.jar;C:\Users\soobi\.m2\repository\org\springframework\boot\spring-boot-starter-jdbc\2.6.5\spring-boot-starter-jdbc-2.6.5.jar;C:\Users\soobi\.m2\repository\com\zaxxer\HikariCP\4.0.3\HikariCP-4.0.3.jar;C:\Users\soobi\.m2\repository\org\springframework\spring-jdbc\5.3.17\spring-jdbc-5.3.17.jar;C:\Users\soobi\.m2\repository\org\springframework\spring-tx\5.3.17\spring-tx-5.3.17.jar;C:\Users\soobi\.m2\repository\org\mybatis\spring\boot\mybatis-spring-boot-autoconfigure\2.2.2\mybatis-spring-boot-autoconfigure-2.2.2.jar;C:\Users\soobi\.m2\repository\org\mybatis\mybatis\3.5.9\mybatis-3.5.9.jar;C:\Users\soobi\.m2\repository\org\mybatis\mybatis-spring\2.0.7\mybatis-spring-2.0.7.jar;C:\Users\soobi\.m2\repository\mysql\mysql-connector-java\8.0.28\mysql-connector-java-8.0.28.jar;C:\Users\soobi\.m2\repository\org\projectlombok\lombok\1.18.22\lombok-1.18.22.jar;C:\Users\soobi\.m2\repository\org\springframework\boot\spring-boot-starter-test\2.6.5\spring-boot-starter-test-2.6.5.jar;C:\Users\soobi\.m2\repository\org\springframework\boot\spring-boot-test\2.6.5\spring-boot-test-2.6.5.jar;C:\Users\soobi\.m2\repository\org\springframework\boot\spring-boot-test-autoconfigure\2.6.5\spring-boot-test-autoconfigure-2.6.5.jar;C:\Users\soobi\.m2\repository\com\jayway\jsonpath\json-path\2.6.0\json-path-2.6.0.jar;C:\Users\soobi\.m2\repository\net\minidev\json-smart\2.4.8\json-smart-2.4.8.jar;C:\Users\soobi\.m2\repository\net\minidev\accessors-smart\2.4.8\accessors-smart-2.4.8.jar;C:\Users\soobi\.m2\repository\org\ow2\asm\asm\9.1\asm-9.1.jar;C:\Users\soobi\.m2\repository\jakarta\xml\bind\jakarta.xml.bind-api\2.3.3\jakarta.xml.bind-api-2.3.3.jar;C:\Users\soobi\.m2\repository\jakarta\activation\jakarta.activation-api\1.2.2\jakarta.activation-api-1.2.2.jar;C:\Users\soobi\.m2\repository\org\assertj\assertj-core\3.21.0\assertj-core-3.21.0.jar;C:\Users\soobi\.m2\repository\org\hamcrest\hamcrest\2.2\hamcrest-2.2.jar;C:\Users\soobi\.m2\repository\org\junit\jupiter\junit-jupiter\5.8.2\junit-jupiter-5.8.2.jar;C:\Users\soobi\.m2\repository\org\junit\jupiter\junit-jupiter-api\5.8.2\junit-jupiter-api-5.8.2.jar;C:\Users\soobi\.m2\repository\org\opentest4j\opentest4j\1.2.0\opentest4j-1.2.0.jar;C:\Users\soobi\.m2\repository\org\junit\platform\junit-platform-commons\1.8.2\junit-platform-commons-1.8.2.jar;C:\Users\soobi\.m2\repository\org\apiguardian\apiguardian-api\1.1.2\apiguardian-api-1.1.2.jar;C:\Users\soobi\.m2\repository\org\junit\jupiter\junit-jupiter-params\5.8.2\junit-jupiter-params-5.8.2.jar;C:\Users\soobi\.m2\repository\org\junit\jupiter\junit-jupiter-engine\5.8.2\junit-jupiter-engine-5.8.2.jar;C:\Users\soobi\.m2\repository\org\junit\platform\junit-platform-engine\1.8.2\junit-platform-engine-1.8.2.jar;C:\Users\soobi\.m2\repository\org\mockito\mockito-core\4.0.0\mockito-core-4.0.0.jar;C:\Users\soobi\.m2\repository\net\bytebuddy\byte-buddy\1.11.22\byte-buddy-1.11.22.jar;C:\Users\soobi\.m2\repository\net\bytebuddy\byte-buddy-agent\1.11.22\byte-buddy-agent-1.11.22.jar;C:\Users\soobi\.m2\repository\org\objenesis\objenesis\3.2\objenesis-3.2.jar;C:\Users\soobi\.m2\repository\org\mockito\mockito-junit-jupiter\4.0.0\mockito-junit-jupiter-4.0.0.jar;C:\Users\soobi\.m2\repository\org\skyscreamer\jsonassert\1.5.0\jsonassert-1.5.0.jar;C:\Users\soobi\.m2\repository\com\vaadin\external\google\android-json\0.0.20131108.vaadin1\android-json-0.0.20131108.vaadin1.jar;C:\Users\soobi\.m2\repository\org\springframework\spring-core\5.3.17\spring-core-5.3.17.jar;C:\Users\soobi\.m2\repository\org\springframework\spring-jcl\5.3.17\spring-jcl-5.3.17.jar;C:\Users\soobi\.m2\repository\org\springframework\spring-test\5.3.17\spring-test-5.3.17.jar;C:\Users\soobi\.m2\repository\org\xmlunit\xmlunit-core\2.8.4\xmlunit-core-2.8.4.jar;C:\Users\soobi\.m2\repository\org\apache\logging\log4j\log4j-core\2.20.0\log4j-core-2.20.0.jar;C:\Users\soobi\.m2\repository\org\apache\logging\log4j\log4j-api\2.17.1\log4j-api-2.17.1.jar;C:\Users\soobi\.m2\repository\org\apache\logging\log4j\log4j-slf4j-impl\2.17.1\log4j-slf4j-impl-2.17.1.jar;C:\Users\soobi\.m2\repository\org\slf4j\slf4j-api\1.7.36\slf4j-api-1.7.36.jar;"/>
    <property name="java.vm.vendor" value="Oracle Corporation"/>
    <property name="sun.arch.data.model" value="64"/>
    <property name="user.variant" value=""/>
    <property name="java.vendor.url" value="https://java.oracle.com/"/>
    <property name="user.timezone" value="Asia/Seoul"/>
    <property name="os.name" value="Windows 11"/>
    <property name="java.vm.specification.version" value="19"/>
    <property name="sun.java.launcher" value="SUN_STANDARD"/>
    <property name="user.country" value="KR"/>
    <property name="sun.boot.library.path" value="C:\Users\soobi\.jdks\openjdk-19.0.1\bin"/>
    <property name="sun.java.command" value="C:\Users\soobi\AppData\Local\Temp\surefire2366107170033678408\surefirebooter2151473292187608474.jar C:\Users\soobi\AppData\Local\Temp\surefire2366107170033678408 2023-12-30T10-39-43_617-jvmRun1 surefire9448492862384282793tmp surefire_017718122022071376081tmp"/>
    <property name="jdk.debug" value="release"/>
    <property name="surefire.test.class.path" value="C:\Users\soobi\git\SpringConectDB\target\test-classes;C:\Users\soobi\git\SpringConectDB\target\classes;C:\Users\soobi\.m2\repository\org\springframework\boot\spring-boot-starter-web\2.6.5\spring-boot-starter-web-2.6.5.jar;C:\Users\soobi\.m2\repository\org\springframework\boot\spring-boot-starter\2.6.5\spring-boot-starter-2.6.5.jar;C:\Users\soobi\.m2\repository\org\springframework\boot\spring-boot\2.6.5\spring-boot-2.6.5.jar;C:\Users\soobi\.m2\repository\org\springframework\boot\spring-boot-autoconfigure\2.6.5\spring-boot-autoconfigure-2.6.5.jar;C:\Users\soobi\.m2\repository\org\springframework\boot\spring-boot-starter-logging\2.6.5\spring-boot-starter-logging-2.6.5.jar;C:\Users\soobi\.m2\repository\ch\qos\logback\logback-classic\1.2.11\logback-classic-1.2.11.jar;C:\Users\soobi\.m2\repository\ch\qos\logback\logback-core\1.2.11\logback-core-1.2.11.jar;C:\Users\soobi\.m2\repository\org\apache\logging\log4j\log4j-to-slf4j\2.17.2\log4j-to-slf4j-2.17.2.jar;C:\Users\soobi\.m2\repository\org\slf4j\jul-to-slf4j\1.7.36\jul-to-slf4j-1.7.36.jar;C:\Users\soobi\.m2\repository\jakarta\annotation\jakarta.annotation-api\1.3.5\jakarta.annotation-api-1.3.5.jar;C:\Users\soobi\.m2\repository\org\yaml\snakeyaml\1.29\snakeyaml-1.29.jar;C:\Users\soobi\.m2\repository\org\springframework\boot\spring-boot-starter-json\2.6.5\spring-boot-starter-json-2.6.5.jar;C:\Users\soobi\.m2\repository\com\fasterxml\jackson\core\jackson-databind\2.13.2\jackson-databind-2.13.2.jar;C:\Users\soobi\.m2\repository\com\fasterxml\jackson\core\jackson-annotations\2.13.2\jackson-annotations-2.13.2.jar;C:\Users\soobi\.m2\repository\com\fasterxml\jackson\core\jackson-core\2.13.2\jackson-core-2.13.2.jar;C:\Users\soobi\.m2\repository\com\fasterxml\jackson\datatype\jackson-datatype-jdk8\2.13.2\jackson-datatype-jdk8-2.13.2.jar;C:\Users\soobi\.m2\repository\com\fasterxml\jackson\datatype\jackson-datatype-jsr310\2.13.2\jackson-datatype-jsr310-2.13.2.jar;C:\Users\soobi\.m2\repository\com\fasterxml\jackson\module\jackson-module-parameter-names\2.13.2\jackson-module-parameter-names-2.13.2.jar;C:\Users\soobi\.m2\repository\org\springframework\boot\spring-boot-starter-tomcat\2.6.5\spring-boot-starter-tomcat-2.6.5.jar;C:\Users\soobi\.m2\repository\org\apache\tomcat\embed\tomcat-embed-core\9.0.60\tomcat-embed-core-9.0.60.jar;C:\Users\soobi\.m2\repository\org\apache\tomcat\embed\tomcat-embed-el\9.0.60\tomcat-embed-el-9.0.60.jar;C:\Users\soobi\.m2\repository\org\apache\tomcat\embed\tomcat-embed-websocket\9.0.60\tomcat-embed-websocket-9.0.60.jar;C:\Users\soobi\.m2\repository\org\springframework\spring-web\5.3.17\spring-web-5.3.17.jar;C:\Users\soobi\.m2\repository\org\springframework\spring-beans\5.3.17\spring-beans-5.3.17.jar;C:\Users\soobi\.m2\repository\org\springframework\spring-webmvc\5.3.17\spring-webmvc-5.3.17.jar;C:\Users\soobi\.m2\repository\org\springframework\spring-aop\5.3.17\spring-aop-5.3.17.jar;C:\Users\soobi\.m2\repository\org\springframework\spring-context\5.3.17\spring-context-5.3.17.jar;C:\Users\soobi\.m2\repository\org\springframework\spring-expression\5.3.17\spring-expression-5.3.17.jar;C:\Users\soobi\.m2\repository\org\mybatis\spring\boot\mybatis-spring-boot-starter\2.2.2\mybatis-spring-boot-starter-2.2.2.jar;C:\Users\soobi\.m2\repository\org\springframework\boot\spring-boot-starter-jdbc\2.6.5\spring-boot-starter-jdbc-2.6.5.jar;C:\Users\soobi\.m2\repository\com\zaxxer\HikariCP\4.0.3\HikariCP-4.0.3.jar;C:\Users\soobi\.m2\repository\org\springframework\spring-jdbc\5.3.17\spring-jdbc-5.3.17.jar;C:\Users\soobi\.m2\repository\org\springframework\spring-tx\5.3.17\spring-tx-5.3.17.jar;C:\Users\soobi\.m2\repository\org\mybatis\spring\boot\mybatis-spring-boot-autoconfigure\2.2.2\mybatis-spring-boot-autoconfigure-2.2.2.jar;C:\Users\soobi\.m2\repository\org\mybatis\mybatis\3.5.9\mybatis-3.5.9.jar;C:\Users\soobi\.m2\repository\org\mybatis\mybatis-spring\2.0.7\mybatis-spring-2.0.7.jar;C:\Users\soobi\.m2\repository\mysql\mysql-connector-java\8.0.28\mysql-connector-java-8.0.28.jar;C:\Users\soobi\.m2\repository\org\projectlombok\lombok\1.18.22\lombok-1.18.22.jar;C:\Users\soobi\.m2\repository\org\springframework\boot\spring-boot-starter-test\2.6.5\spring-boot-starter-test-2.6.5.jar;C:\Users\soobi\.m2\repository\org\springframework\boot\spring-boot-test\2.6.5\spring-boot-test-2.6.5.jar;C:\Users\soobi\.m2\repository\org\springframework\boot\spring-boot-test-autoconfigure\2.6.5\spring-boot-test-autoconfigure-2.6.5.jar;C:\Users\soobi\.m2\repository\com\jayway\jsonpath\json-path\2.6.0\json-path-2.6.0.jar;C:\Users\soobi\.m2\repository\net\minidev\json-smart\2.4.8\json-smart-2.4.8.jar;C:\Users\soobi\.m2\repository\net\minidev\accessors-smart\2.4.8\accessors-smart-2.4.8.jar;C:\Users\soobi\.m2\repository\org\ow2\asm\asm\9.1\asm-9.1.jar;C:\Users\soobi\.m2\repository\jakarta\xml\bind\jakarta.xml.bind-api\2.3.3\jakarta.xml.bind-api-2.3.3.jar;C:\Users\soobi\.m2\repository\jakarta\activation\jakarta.activation-api\1.2.2\jakarta.activation-api-1.2.2.jar;C:\Users\soobi\.m2\repository\org\assertj\assertj-core\3.21.0\assertj-core-3.21.0.jar;C:\Users\soobi\.m2\repository\org\hamcrest\hamcrest\2.2\hamcrest-2.2.jar;C:\Users\soobi\.m2\repository\org\junit\jupiter\junit-jupiter\5.8.2\junit-jupiter-5.8.2.jar;C:\Users\soobi\.m2\repository\org\junit\jupiter\junit-jupiter-api\5.8.2\junit-jupiter-api-5.8.2.jar;C:\Users\soobi\.m2\repository\org\opentest4j\opentest4j\1.2.0\opentest4j-1.2.0.jar;C:\Users\soobi\.m2\repository\org\junit\platform\junit-platform-commons\1.8.2\junit-platform-commons-1.8.2.jar;C:\Users\soobi\.m2\repository\org\apiguardian\apiguardian-api\1.1.2\apiguardian-api-1.1.2.jar;C:\Users\soobi\.m2\repository\org\junit\jupiter\junit-jupiter-params\5.8.2\junit-jupiter-params-5.8.2.jar;C:\Users\soobi\.m2\repository\org\junit\jupiter\junit-jupiter-engine\5.8.2\junit-jupiter-engine-5.8.2.jar;C:\Users\soobi\.m2\repository\org\junit\platform\junit-platform-engine\1.8.2\junit-platform-engine-1.8.2.jar;C:\Users\soobi\.m2\repository\org\mockito\mockito-core\4.0.0\mockito-core-4.0.0.jar;C:\Users\soobi\.m2\repository\net\bytebuddy\byte-buddy\1.11.22\byte-buddy-1.11.22.jar;C:\Users\soobi\.m2\repository\net\bytebuddy\byte-buddy-agent\1.11.22\byte-buddy-agent-1.11.22.jar;C:\Users\soobi\.m2\repository\org\objenesis\objenesis\3.2\objenesis-3.2.jar;C:\Users\soobi\.m2\repository\org\mockito\mockito-junit-jupiter\4.0.0\mockito-junit-jupiter-4.0.0.jar;C:\Users\soobi\.m2\repository\org\skyscreamer\jsonassert\1.5.0\jsonassert-1.5.0.jar;C:\Users\soobi\.m2\repository\com\vaadin\external\google\android-json\0.0.20131108.vaadin1\android-json-0.0.20131108.vaadin1.jar;C:\Users\soobi\.m2\repository\org\springframework\spring-core\5.3.17\spring-core-5.3.17.jar;C:\Users\soobi\.m2\repository\org\springframework\spring-jcl\5.3.17\spring-jcl-5.3.17.jar;C:\Users\soobi\.m2\repository\org\springframework\spring-test\5.3.17\spring-test-5.3.17.jar;C:\Users\soobi\.m2\repository\org\xmlunit\xmlunit-core\2.8.4\xmlunit-core-2.8.4.jar;C:\Users\soobi\.m2\repository\org\apache\logging\log4j\log4j-core\2.20.0\log4j-core-2.20.0.jar;C:\Users\soobi\.m2\repository\org\apache\logging\log4j\log4j-api\2.17.1\log4j-api-2.17.1.jar;C:\Users\soobi\.m2\repository\org\apache\logging\log4j\log4j-slf4j-impl\2.17.1\log4j-slf4j-impl-2.17.1.jar;C:\Users\soobi\.m2\repository\org\slf4j\slf4j-api\1.7.36\slf4j-api-1.7.36.jar;"/>
    <property name="sun.cpu.endian" value="little"/>
    <property name="user.home" value="C:\Users\soobi"/>
    <property name="user.language" value="ko"/>
    <property name="java.specification.vendor" value="Oracle Corporation"/>
    <property name="java.version.date" value="2022-10-18"/>
    <property name="java.home" value="C:\Users\soobi\.jdks\openjdk-19.0.1"/>
    <property name="file.separator" value="\"/>
    <property name="basedir" value="C:\Users\soobi\git\SpringConectDB"/>
    <property name="java.vm.compressedOopsMode" value="Zero based"/>
    <property name="line.separator" value="&#10;"/>
    <property name="java.vm.specification.vendor" value="Oracle Corporation"/>
    <property name="java.specification.name" value="Java Platform API Specification"/>
    <property name="surefire.real.class.path" value="C:\Users\soobi\AppData\Local\Temp\surefire2366107170033678408\surefirebooter2151473292187608474.jar"/>
    <property name="user.script" value=""/>
    <property name="sun.management.compiler" value="HotSpot 64-Bit Tiered Compilers"/>
    <property name="java.runtime.version" value="19.0.1+10-21"/>
    <property name="user.name" value="soobi"/>
    <property name="stdout.encoding" value="MS949"/>
    <property name="path.separator" value=";"/>
    <property name="os.version" value="10.0"/>
    <property name="java.runtime.name" value="OpenJDK Runtime Environment"/>
    <property name="file.encoding" value="UTF-8"/>
    <property name="java.vm.name" value="OpenJDK 64-Bit Server VM"/>
    <property name="localRepository" value="C:\Users\soobi\.m2\repository"/>
    <property name="java.vendor.url.bug" value="https://bugreport.java.com/bugreport/"/>
    <property name="java.io.tmpdir" value="C:\Users\soobi\AppData\Local\Temp\"/>
    <property name="idea.version" value="2021.3.3"/>
    <property name="java.version" value="19.0.1"/>
    <property name="user.dir" value="C:\Users\soobi\git\SpringConectDB"/>
    <property name="os.arch" value="amd64"/>
    <property name="java.vm.specification.name" value="Java Virtual Machine Specification"/>
    <property name="sun.os.patch.level" value=""/>
    <property name="native.encoding" value="MS949"/>
    <property name="java.library.path" value="C:\Users\soobi\.jdks\openjdk-19.0.1\bin;C:\WINDOWS\Sun\Java\bin;C:\WINDOWS\system32;C:\WINDOWS;C:\Program Files\Common Files\Oracle\Java\javapath;C:\WINDOWS\system32;C:\WINDOWS;C:\WINDOWS\System32\Wbem;C:\WINDOWS\System32\WindowsPowerShell\v1.0\;C:\WINDOWS\System32\OpenSSH\;C:\Program Files\Bandizip\;C:\Program Files\Java\jdk-11.0.14\bin;C:\Program Files\Git\cmd;C:\Program Files\nodejs\;C:\Program Files\Docker\Docker\resources\bin;C:\ProgramData\DockerDesktop\version-bin;C:\Program Files (x86)\NetSarang\Xshell 7\;C:\HashiCorp\Vagrant\bin;C:\Users\soobi\AppData\Local\Programs\Python\Launcher\;C:\Program Files\MySQL\MySQL Shell 8.0\bin\;C:\Users\soobi\AppData\Local\Microsoft\WindowsApps;C:\Program Files\JetBrains\IntelliJ IDEA Community Edition 2021.3.3\bin;;C:\Program Files\Java\jdk-11.0.14\bin\bin;C:\Users\soobi\AppData\Roaming\npm;C:\Users\soobi\AppData\Local\Programs\Microsoft VS Code\bin;C:\Users\soobi\AppData\Local\Programs\Python\Python312\Scripts;C:\Users\soobi\AppData\Local\Programs\Python\Python312;;."/>
    <property name="java.vm.info" value="mixed mode, sharing"/>
    <property name="stderr.encoding" value="MS949"/>
    <property name="java.vendor" value="Oracle Corporation"/>
    <property name="java.vm.version" value="19.0.1+10-21"/>
    <property name="sun.io.unicode.encoding" value="UnicodeLittle"/>
    <property name="java.class.version" value="63.0"/>
  </properties>
  <testcase name="contextLoads" classname="com.example.demo.Demo3ApplicationTests" time="0.258"/>
</testsuite>